Command line:
   tb_RF_isim_beh.exe
     -simmode  gui
     -simrunnum  0
     -socket  51662

Mon Oct 02 01:17:02 2017


 Elaboration Time: 0.078125 sec

 Current Memory Usage: 842.191 Meg

 Total Signals          : 15
 Total Nets             : 1392
 Total Signal Drivers   : 8
 Total Blocks           : 5
 Total Primitive Blocks : 4
 Total Processes        : 2
 Total Traceable Variables  : 10
 Total Scalar Nets and Variables : 1770
Total Line Count : 16

 Total Simulation Time: 1 sec

 Current Memory Usage: 370.332 Meg

Mon Oct 02 01:43:46 2017

