Running: C:\Xilinx\14.7\ISE_DS\ISE\bin\nt64\unwrapped\fuse.exe -intstyle ise -incremental -o C:/Users/Emanuel Maya/Documents/Digitales/Procesador1/Testb_instructionMemory_isim_beh.exe -prj C:/Users/Emanuel Maya/Documents/Digitales/Procesador1/Testb_instructionMemory_beh.prj work.Testb_instructionMemory 
ISim P.20131013 (signature 0x7708f090)
Number of CPUs detected in this system: 4
Turning on mult-threading, number of parallel sub-compilation jobs: 8 
Determining compilation order of HDL files
Parsing VHDL file "C:/Users/Emanuel Maya/Documents/Digitales/Procesador1/instructionMemory.vhd" into library work
Parsing VHDL file "C:/Users/Emanuel Maya/Documents/Digitales/Procesador1/Testb_instrctionMemory.vhd" into library work
Starting static elaboration
WARNING:HDLCompiler:1196 - "C:/Users/Emanuel Maya/Documents/Digitales/Procesador1/instructionMemory.vhd" Line 52: Readline called past the end of file romfile
Completed static elaboration
Compiling package standard
Compiling package std_logic_1164
Compiling package std_logic_arith
Compiling package std_logic_unsigned
Compiling package textio
Compiling architecture behavioral of entity instructionMemory [instructionmemory_default]
Compiling architecture behavior of entity testb_instructionmemory
Time Resolution for simulation is 1ps.
Waiting for 1 sub-compilation(s) to finish...
Compiled 8 VHDL Units
Built simulation executable C:/Users/Emanuel Maya/Documents/Digitales/Procesador1/Testb_instructionMemory_isim_beh.exe
Fuse Memory Usage: 34448 KB
Fuse CPU Usage: 671 ms
